2023-04-19 03:00:36.201 DEBUG 25356 --- [Catalina-utility-1] org.apache.catalina.session.ManagerBase  : Start expire sessions StandardManager at 1681844436201 sessioncount 0
2023-04-19 03:00:36.205 DEBUG 25356 --- [Catalina-utility-1] org.apache.catalina.session.ManagerBase  : End expire sessions StandardManager processingTime 4 expired sessions: 0
2023-04-19 03:01:36.233 DEBUG 25356 --- [Catalina-utility-1] org.apache.catalina.session.ManagerBase  : Start expire sessions StandardManager at 1681844496233 sessioncount 0
2023-04-19 03:01:36.233 DEBUG 25356 --- [Catalina-utility-1] org.apache.catalina.session.ManagerBase  : End expire sessions StandardManager processingTime 0 expired sessions: 0
2023-04-19 03:01:48.408 DEBUG 25356 --- [http-nio-8030-Acceptor] o.apache.tomcat.util.threads.LimitLatch  : Counting up[http-nio-8030-Acceptor] latch=1
2023-04-19 03:01:48.416 DEBUG 25356 --- [http-nio-8030-exec-4] o.a.coyote.http11.Http11InputBuffer      : Before fill(): parsingHeader: [true], parsingRequestLine: [true], parsingRequestLinePhase: [0], parsingRequestLineStart: [0], byteBuffer.position(): [0], byteBuffer.limit(): [0], end: [689]
2023-04-19 03:01:48.417 DEBUG 25356 --- [http-nio-8030-exec-4] o.a.tomcat.util.net.SocketWrapperBase    : Socket: [org.apache.tomcat.util.net.NioEndpoint$NioSocketWrapper@67f313fb:org.apache.tomcat.util.net.NioChannel@18a7ac3e:java.nio.channels.SocketChannel[connected local=/0:0:0:0:0:0:0:1:8030 remote=/0:0:0:0:0:0:0:1:52487]], Read from buffer: [0]
2023-04-19 03:01:48.417 DEBUG 25356 --- [http-nio-8030-exec-4] org.apache.tomcat.util.net.NioEndpoint   : Socket: [org.apache.tomcat.util.net.NioEndpoint$NioSocketWrapper@67f313fb:org.apache.tomcat.util.net.NioChannel@18a7ac3e:java.nio.channels.SocketChannel[connected local=/0:0:0:0:0:0:0:1:8030 remote=/0:0:0:0:0:0:0:1:52487]], Read direct from socket: [689]
2023-04-19 03:01:48.417 DEBUG 25356 --- [http-nio-8030-exec-4] o.a.coyote.http11.Http11InputBuffer      : Received [GET /source HTTP/1.1
Host: localhost:8030
Connection: keep-alive
Cache-Control: max-age=0
sec-ch-ua: "Google Chrome";v="111", "Not(A:Brand";v="8", "Chromium";v="111"
sec-ch-ua-mobile: ?0
sec-ch-ua-platform: "Windows"
Upgrade-Insecure-Requests: 1
User-Agent: Mozilla/5.0 (Windows NT 10.0; Win64; x64) AppleWebKit/537.36 (KHTML, like Gecko) Chrome/111.0.0.0 Safari/537.36
Accept: text/html,application/xhtml+xml,application/xml;q=0.9,image/avif,image/webp,image/apng,*/*;q=0.8,application/signed-exchange;v=b3;q=0.7
Sec-Fetch-Site: none
Sec-Fetch-Mode: navigate
Sec-Fetch-User: ?1
Sec-Fetch-Dest: document
Accept-Encoding: gzip, deflate, br
Accept-Language: zh-CN,zh;q=0.9

]
2023-04-19 03:01:48.418 DEBUG 25356 --- [http-nio-8030-exec-4] o.a.c.authenticator.AuthenticatorBase    : Security checking request GET /source
2023-04-19 03:01:48.418 DEBUG 25356 --- [http-nio-8030-exec-4] org.apache.catalina.realm.RealmBase      :   No applicable constraints defined
2023-04-19 03:01:48.418 DEBUG 25356 --- [http-nio-8030-exec-4] o.a.c.authenticator.AuthenticatorBase    : Not subject to any constraint
2023-04-19 03:01:48.419 DEBUG 25356 --- [http-nio-8030-exec-4] org.apache.tomcat.util.http.Parameters   : Set encoding to UTF-8
2023-04-19 03:01:48.419 DEBUG 25356 --- [http-nio-8030-exec-4] o.s.web.servlet.DispatcherServlet        : GET "/source", parameters={}
2023-04-19 03:01:48.419 DEBUG 25356 --- [http-nio-8030-exec-4] s.w.s.m.m.a.RequestMappingHandlerMapping : Mapped to com.lp.test.controller.SourceController#doSource()
2023-04-19 03:01:48.420 DEBUG 25356 --- [http-nio-8030-Acceptor] o.apache.tomcat.util.threads.LimitLatch  : Counting up[http-nio-8030-Acceptor] latch=2
2023-04-19 03:03:08.894 DEBUG 25356 --- [http-nio-8030-exec-4] com.lp.test.util.LogUtils                : name: 小强
2023-04-19 03:03:08.895 DEBUG 25356 --- [http-nio-8030-exec-5] o.apache.tomcat.util.threads.LimitLatch  : Counting down[http-nio-8030-exec-5] latch=2
2023-04-19 03:03:08.895 DEBUG 25356 --- [http-nio-8030-exec-5] org.apache.tomcat.util.net.NioEndpoint   : Calling [org.apache.tomcat.util.net.NioEndpoint@55d0a5f0].closeSocket([org.apache.tomcat.util.net.NioEndpoint$NioSocketWrapper@43ad2e11:org.apache.tomcat.util.net.NioChannel@5f28ce80:java.nio.channels.SocketChannel[connected local=/0:0:0:0:0:0:0:1:8030 remote=/0:0:0:0:0:0:0:1:52488]])
2023-04-19 03:03:08.896 DEBUG 25356 --- [http-nio-8030-exec-4] m.m.a.RequestResponseBodyMethodProcessor : Using 'text/html', given [text/html, application/xhtml+xml, image/avif, image/webp, image/apng, application/xml;q=0.9, application/signed-exchange;v=b3;q=0.7, */*;q=0.8] and supported [text/plain, */*, text/plain, */*, application/json, application/*+json, application/json, application/*+json]
2023-04-19 03:03:08.896 DEBUG 25356 --- [http-nio-8030-exec-4] m.m.a.RequestResponseBodyMethodProcessor : Writing ["source"]
2023-04-19 03:03:08.897 DEBUG 25356 --- [http-nio-8030-exec-4] o.s.web.servlet.DispatcherServlet        : Completed 200 OK
2023-04-19 03:03:08.897 DEBUG 25356 --- [http-nio-8030-exec-4] o.a.coyote.http11.Http11InputBuffer      : Before fill(): parsingHeader: [true], parsingRequestLine: [true], parsingRequestLinePhase: [0], parsingRequestLineStart: [0], byteBuffer.position(): [0], byteBuffer.limit(): [0], end: [689]
2023-04-19 03:03:08.897 DEBUG 25356 --- [http-nio-8030-exec-4] o.a.tomcat.util.net.SocketWrapperBase    : Socket: [org.apache.tomcat.util.net.NioEndpoint$NioSocketWrapper@67f313fb:org.apache.tomcat.util.net.NioChannel@18a7ac3e:java.nio.channels.SocketChannel[connected local=/0:0:0:0:0:0:0:1:8030 remote=/0:0:0:0:0:0:0:1:52487]], Read from buffer: [0]
2023-04-19 03:03:08.897 DEBUG 25356 --- [http-nio-8030-exec-4] org.apache.tomcat.util.net.NioEndpoint   : Socket: [org.apache.tomcat.util.net.NioEndpoint$NioSocketWrapper@67f313fb:org.apache.tomcat.util.net.NioChannel@18a7ac3e:java.nio.channels.SocketChannel[connected local=/0:0:0:0:0:0:0:1:8030 remote=/0:0:0:0:0:0:0:1:52487]], Read direct from socket: [0]
2023-04-19 03:03:08.897 DEBUG 25356 --- [http-nio-8030-exec-4] o.a.coyote.http11.Http11InputBuffer      : Received []
2023-04-19 03:03:08.898 DEBUG 25356 --- [http-nio-8030-exec-4] o.apache.coyote.http11.Http11Processor   : Socket: [org.apache.tomcat.util.net.NioEndpoint$NioSocketWrapper@67f313fb:org.apache.tomcat.util.net.NioChannel@18a7ac3e:java.nio.channels.SocketChannel[connected local=/0:0:0:0:0:0:0:1:8030 remote=/0:0:0:0:0:0:0:1:52487]], Status in: [OPEN_READ], State out: [OPEN]
2023-04-19 03:03:08.898 DEBUG 25356 --- [http-nio-8030-exec-4] org.apache.tomcat.util.net.NioEndpoint   : Registered read interest for [org.apache.tomcat.util.net.NioEndpoint$NioSocketWrapper@67f313fb:org.apache.tomcat.util.net.NioChannel@18a7ac3e:java.nio.channels.SocketChannel[connected local=/0:0:0:0:0:0:0:1:8030 remote=/0:0:0:0:0:0:0:1:52487]]
2023-04-19 03:03:48.931 DEBUG 25356 --- [Catalina-utility-1] org.apache.catalina.session.ManagerBase  : Start expire sessions StandardManager at 1681844628931 sessioncount 0
2023-04-19 03:03:48.931 DEBUG 25356 --- [Catalina-utility-1] org.apache.catalina.session.ManagerBase  : End expire sessions StandardManager processingTime 0 expired sessions: 0
2023-04-19 03:04:09.380 DEBUG 25356 --- [http-nio-8030-exec-7] o.apache.tomcat.util.threads.LimitLatch  : Counting down[http-nio-8030-exec-7] latch=1
2023-04-19 03:04:09.380 DEBUG 25356 --- [http-nio-8030-exec-7] org.apache.tomcat.util.net.NioEndpoint   : Calling [org.apache.tomcat.util.net.NioEndpoint@55d0a5f0].closeSocket([org.apache.tomcat.util.net.NioEndpoint$NioSocketWrapper@67f313fb:org.apache.tomcat.util.net.NioChannel@18a7ac3e:java.nio.channels.SocketChannel[connected local=/0:0:0:0:0:0:0:1:8030 remote=/0:0:0:0:0:0:0:1:52487]])
2023-04-19 03:04:48.972 DEBUG 25356 --- [Catalina-utility-1] org.apache.catalina.session.ManagerBase  : Start expire sessions StandardManager at 1681844688972 sessioncount 0
2023-04-19 03:04:48.972 DEBUG 25356 --- [Catalina-utility-1] org.apache.catalina.session.ManagerBase  : End expire sessions StandardManager processingTime 0 expired sessions: 0
2023-04-19 03:05:35.804 DEBUG 25356 --- [http-nio-8030-Acceptor] o.apache.tomcat.util.threads.LimitLatch  : Counting up[http-nio-8030-Acceptor] latch=1
2023-04-19 03:05:35.807 DEBUG 25356 --- [http-nio-8030-exec-8] o.a.coyote.http11.Http11InputBuffer      : Before fill(): parsingHeader: [true], parsingRequestLine: [true], parsingRequestLinePhase: [0], parsingRequestLineStart: [0], byteBuffer.position(): [0], byteBuffer.limit(): [0], end: [689]
2023-04-19 03:05:35.808 DEBUG 25356 --- [http-nio-8030-exec-8] o.a.tomcat.util.net.SocketWrapperBase    : Socket: [org.apache.tomcat.util.net.NioEndpoint$NioSocketWrapper@5cb3e008:org.apache.tomcat.util.net.NioChannel@18a7ac3e:java.nio.channels.SocketChannel[connected local=/0:0:0:0:0:0:0:1:8030 remote=/0:0:0:0:0:0:0:1:57152]], Read from buffer: [0]
2023-04-19 03:05:35.808 DEBUG 25356 --- [http-nio-8030-exec-8] org.apache.tomcat.util.net.NioEndpoint   : Socket: [org.apache.tomcat.util.net.NioEndpoint$NioSocketWrapper@5cb3e008:org.apache.tomcat.util.net.NioChannel@18a7ac3e:java.nio.channels.SocketChannel[connected local=/0:0:0:0:0:0:0:1:8030 remote=/0:0:0:0:0:0:0:1:57152]], Read direct from socket: [689]
2023-04-19 03:05:35.808 DEBUG 25356 --- [http-nio-8030-exec-8] o.a.coyote.http11.Http11InputBuffer      : Received [GET /source HTTP/1.1
Host: localhost:8030
Connection: keep-alive
Cache-Control: max-age=0
sec-ch-ua: "Google Chrome";v="111", "Not(A:Brand";v="8", "Chromium";v="111"
sec-ch-ua-mobile: ?0
sec-ch-ua-platform: "Windows"
Upgrade-Insecure-Requests: 1
User-Agent: Mozilla/5.0 (Windows NT 10.0; Win64; x64) AppleWebKit/537.36 (KHTML, like Gecko) Chrome/111.0.0.0 Safari/537.36
Accept: text/html,application/xhtml+xml,application/xml;q=0.9,image/avif,image/webp,image/apng,*/*;q=0.8,application/signed-exchange;v=b3;q=0.7
Sec-Fetch-Site: none
Sec-Fetch-Mode: navigate
Sec-Fetch-User: ?1
Sec-Fetch-Dest: document
Accept-Encoding: gzip, deflate, br
Accept-Language: zh-CN,zh;q=0.9

]
2023-04-19 03:05:35.809 DEBUG 25356 --- [http-nio-8030-exec-8] o.a.c.authenticator.AuthenticatorBase    : Security checking request GET /source
2023-04-19 03:05:35.809 DEBUG 25356 --- [http-nio-8030-exec-8] org.apache.catalina.realm.RealmBase      :   No applicable constraints defined
2023-04-19 03:05:35.809 DEBUG 25356 --- [http-nio-8030-exec-8] o.a.c.authenticator.AuthenticatorBase    : Not subject to any constraint
2023-04-19 03:05:35.810 DEBUG 25356 --- [http-nio-8030-exec-8] org.apache.tomcat.util.http.Parameters   : Set encoding to UTF-8
2023-04-19 03:05:35.810 DEBUG 25356 --- [http-nio-8030-exec-8] o.s.web.servlet.DispatcherServlet        : GET "/source", parameters={}
2023-04-19 03:05:35.810 DEBUG 25356 --- [http-nio-8030-exec-8] s.w.s.m.m.a.RequestMappingHandlerMapping : Mapped to com.lp.test.controller.SourceController#doSource()
2023-04-19 03:44:23.210 DEBUG 25356 --- [http-nio-8030-Acceptor] o.apache.tomcat.util.threads.LimitLatch  : Counting up[http-nio-8030-Acceptor] latch=2
2023-04-19 03:50:33.762 DEBUG 25356 --- [Catalina-utility-2] org.apache.catalina.session.ManagerBase  : Start expire sessions StandardManager at 1681847404251 sessioncount 0
2023-04-19 03:50:33.762 DEBUG 25356 --- [http-nio-8030-exec-6] o.a.coyote.http11.Http11InputBuffer      : Before fill(): parsingHeader: [true], parsingRequestLine: [true], parsingRequestLinePhase: [0], parsingRequestLineStart: [0], byteBuffer.position(): [0], byteBuffer.limit(): [0], end: [0]
2023-04-19 03:58:38.996 DEBUG 25356 --- [Catalina-utility-2] org.apache.catalina.session.ManagerBase  : End expire sessions StandardManager processingTime 29511 expired sessions: 0
2023-04-19 03:58:40.238 DEBUG 25356 --- [http-nio-8030-exec-6] o.a.tomcat.util.net.SocketWrapperBase    : Socket: [org.apache.tomcat.util.net.NioEndpoint$NioSocketWrapper@16b5c4be:org.apache.tomcat.util.net.NioChannel@5f28ce80:java.nio.channels.SocketChannel[connected local=/0:0:0:0:0:0:0:1:8030 remote=/0:0:0:0:0:0:0:1:57153]], Read from buffer: [0]
2023-04-19 03:58:40.240 DEBUG 25356 --- [http-nio-8030-exec-6] o.apache.coyote.http11.Http11Processor   : Error parsing HTTP request header

java.io.EOFException: null
	at org.apache.tomcat.util.net.NioEndpoint$NioSocketWrapper.fillReadBuffer(NioEndpoint.java:1340)
	at org.apache.tomcat.util.net.NioEndpoint$NioSocketWrapper.read(NioEndpoint.java:1227)
	at org.apache.coyote.http11.Http11InputBuffer.fill(Http11InputBuffer.java:805)
	at org.apache.coyote.http11.Http11InputBuffer.parseRequestLine(Http11InputBuffer.java:360)
	at org.apache.coyote.http11.Http11Processor.service(Http11Processor.java:271)
	at org.apache.coyote.AbstractProcessorLight.process(AbstractProcessorLight.java:65)
	at org.apache.coyote.AbstractProtocol$ConnectionHandler.process(AbstractProtocol.java:890)
	at org.apache.tomcat.util.net.NioEndpoint$SocketProcessor.doRun(NioEndpoint.java:1789)
	at org.apache.tomcat.util.net.SocketProcessorBase.run(SocketProcessorBase.java:49)
	at org.apache.tomcat.util.threads.ThreadPoolExecutor.runWorker(ThreadPoolExecutor.java:1191)
	at org.apache.tomcat.util.threads.ThreadPoolExecutor$Worker.run(ThreadPoolExecutor.java:659)
	at org.apache.tomcat.util.threads.TaskThread$WrappingRunnable.run(TaskThread.java:61)
	at java.lang.Thread.run(Thread.java:745)

2023-04-19 03:50:33.762 DEBUG 25356 --- [http-nio-8030-exec-8] com.lp.test.util.LogUtils                : name: 小强
2023-04-19 03:58:43.558 DEBUG 25356 --- [http-nio-8030-exec-6] o.apache.coyote.http11.Http11Processor   : Error state [CLOSE_CONNECTION_NOW] reported while processing request

java.io.EOFException: null
	at org.apache.tomcat.util.net.NioEndpoint$NioSocketWrapper.fillReadBuffer(NioEndpoint.java:1340)
	at org.apache.tomcat.util.net.NioEndpoint$NioSocketWrapper.read(NioEndpoint.java:1227)
	at org.apache.coyote.http11.Http11InputBuffer.fill(Http11InputBuffer.java:805)
	at org.apache.coyote.http11.Http11InputBuffer.parseRequestLine(Http11InputBuffer.java:360)
	at org.apache.coyote.http11.Http11Processor.service(Http11Processor.java:271)
	at org.apache.coyote.AbstractProcessorLight.process(AbstractProcessorLight.java:65)
	at org.apache.coyote.AbstractProtocol$ConnectionHandler.process(AbstractProtocol.java:890)
	at org.apache.tomcat.util.net.NioEndpoint$SocketProcessor.doRun(NioEndpoint.java:1789)
	at org.apache.tomcat.util.net.SocketProcessorBase.run(SocketProcessorBase.java:49)
	at org.apache.tomcat.util.threads.ThreadPoolExecutor.runWorker(ThreadPoolExecutor.java:1191)
	at org.apache.tomcat.util.threads.ThreadPoolExecutor$Worker.run(ThreadPoolExecutor.java:659)
	at org.apache.tomcat.util.threads.TaskThread$WrappingRunnable.run(TaskThread.java:61)
	at java.lang.Thread.run(Thread.java:745)

2023-04-19 03:58:51.731 DEBUG 25356 --- [http-nio-8030-exec-6] o.apache.coyote.http11.Http11Processor   : Socket: [org.apache.tomcat.util.net.NioEndpoint$NioSocketWrapper@16b5c4be:org.apache.tomcat.util.net.NioChannel@5f28ce80:java.nio.channels.SocketChannel[connected local=/0:0:0:0:0:0:0:1:8030 remote=/0:0:0:0:0:0:0:1:57153]], Status in: [OPEN_READ], State out: [CLOSED]
2023-04-19 03:58:52.571 DEBUG 25356 --- [http-nio-8030-exec-6] o.apache.tomcat.util.threads.LimitLatch  : Counting down[http-nio-8030-exec-6] latch=2
2023-04-19 03:58:53.234 DEBUG 25356 --- [http-nio-8030-exec-6] org.apache.tomcat.util.net.NioEndpoint   : Calling [org.apache.tomcat.util.net.NioEndpoint@55d0a5f0].closeSocket([org.apache.tomcat.util.net.NioEndpoint$NioSocketWrapper@16b5c4be:org.apache.tomcat.util.net.NioChannel@5f28ce80:java.nio.channels.SocketChannel[connected local=/0:0:0:0:0:0:0:1:8030 remote=/0:0:0:0:0:0:0:1:57153]])
2023-04-19 03:58:54.181 DEBUG 25356 --- [http-nio-8030-exec-8] m.m.a.RequestResponseBodyMethodProcessor : Using 'text/html', given [text/html, application/xhtml+xml, image/avif, image/webp, image/apng, application/xml;q=0.9, application/signed-exchange;v=b3;q=0.7, */*;q=0.8] and supported [text/plain, */*, text/plain, */*, application/json, application/*+json, application/json, application/*+json]
2023-04-19 03:58:54.588 DEBUG 25356 --- [http-nio-8030-exec-8] m.m.a.RequestResponseBodyMethodProcessor : Writing ["source"]
2023-04-19 03:58:54.861 DEBUG 25356 --- [http-nio-8030-exec-8] o.s.web.servlet.DispatcherServlet        : Completed 200 OK
2023-04-19 03:58:55.474 DEBUG 25356 --- [http-nio-8030-exec-8] o.a.coyote.http11.Http11InputBuffer      : Before fill(): parsingHeader: [true], parsingRequestLine: [true], parsingRequestLinePhase: [0], parsingRequestLineStart: [0], byteBuffer.position(): [0], byteBuffer.limit(): [0], end: [689]
2023-04-19 03:58:55.698 DEBUG 25356 --- [http-nio-8030-exec-8] o.a.tomcat.util.net.SocketWrapperBase    : Socket: [org.apache.tomcat.util.net.NioEndpoint$NioSocketWrapper@5cb3e008:org.apache.tomcat.util.net.NioChannel@18a7ac3e:java.nio.channels.SocketChannel[connected local=/0:0:0:0:0:0:0:1:8030 remote=/0:0:0:0:0:0:0:1:57152]], Read from buffer: [0]
2023-04-19 03:58:55.906 DEBUG 25356 --- [http-nio-8030-exec-8] org.apache.tomcat.util.net.NioEndpoint   : Socket: [org.apache.tomcat.util.net.NioEndpoint$NioSocketWrapper@5cb3e008:org.apache.tomcat.util.net.NioChannel@18a7ac3e:java.nio.channels.SocketChannel[connected local=/0:0:0:0:0:0:0:1:8030 remote=/0:0:0:0:0:0:0:1:57152]], Read direct from socket: [0]
2023-04-19 03:58:56.098 DEBUG 25356 --- [http-nio-8030-exec-8] o.a.coyote.http11.Http11InputBuffer      : Received []
2023-04-19 03:58:56.265 DEBUG 25356 --- [http-nio-8030-exec-8] o.apache.coyote.http11.Http11Processor   : Socket: [org.apache.tomcat.util.net.NioEndpoint$NioSocketWrapper@5cb3e008:org.apache.tomcat.util.net.NioChannel@18a7ac3e:java.nio.channels.SocketChannel[connected local=/0:0:0:0:0:0:0:1:8030 remote=/0:0:0:0:0:0:0:1:57152]], Status in: [OPEN_READ], State out: [OPEN]
2023-04-19 03:58:56.458 DEBUG 25356 --- [http-nio-8030-exec-8] org.apache.tomcat.util.net.NioEndpoint   : Registered read interest for [org.apache.tomcat.util.net.NioEndpoint$NioSocketWrapper@5cb3e008:org.apache.tomcat.util.net.NioChannel@18a7ac3e:java.nio.channels.SocketChannel[connected local=/0:0:0:0:0:0:0:1:8030 remote=/0:0:0:0:0:0:0:1:57152]]
2023-04-19 03:59:09.668 DEBUG 25356 --- [http-nio-8030-exec-9] o.a.coyote.http11.Http11InputBuffer      : Before fill(): parsingHeader: [true], parsingRequestLine: [true], parsingRequestLinePhase: [0], parsingRequestLineStart: [0], byteBuffer.position(): [0], byteBuffer.limit(): [0], end: [689]
2023-04-19 03:59:10.924 DEBUG 25356 --- [http-nio-8030-exec-9] o.a.tomcat.util.net.SocketWrapperBase    : Socket: [org.apache.tomcat.util.net.NioEndpoint$NioSocketWrapper@5cb3e008:org.apache.tomcat.util.net.NioChannel@18a7ac3e:java.nio.channels.SocketChannel[connected local=/0:0:0:0:0:0:0:1:8030 remote=/0:0:0:0:0:0:0:1:57152]], Read from buffer: [0]
2023-04-19 03:59:11.884 DEBUG 25356 --- [http-nio-8030-Acceptor] o.apache.tomcat.util.threads.LimitLatch  : Counting up[http-nio-8030-Acceptor] latch=2
2023-04-19 03:59:12.911 DEBUG 25356 --- [http-nio-8030-exec-9] org.apache.tomcat.util.net.NioEndpoint   : Socket: [org.apache.tomcat.util.net.NioEndpoint$NioSocketWrapper@5cb3e008:org.apache.tomcat.util.net.NioChannel@18a7ac3e:java.nio.channels.SocketChannel[connected local=/0:0:0:0:0:0:0:1:8030 remote=/0:0:0:0:0:0:0:1:57152]], Read direct from socket: [689]
2023-04-19 03:59:13.575 DEBUG 25356 --- [http-nio-8030-exec-9] o.a.coyote.http11.Http11InputBuffer      : Received [GET /source HTTP/1.1
Host: localhost:8030
Connection: keep-alive
Cache-Control: max-age=0
sec-ch-ua: "Google Chrome";v="111", "Not(A:Brand";v="8", "Chromium";v="111"
sec-ch-ua-mobile: ?0
sec-ch-ua-platform: "Windows"
Upgrade-Insecure-Requests: 1
User-Agent: Mozilla/5.0 (Windows NT 10.0; Win64; x64) AppleWebKit/537.36 (KHTML, like Gecko) Chrome/111.0.0.0 Safari/537.36
Accept: text/html,application/xhtml+xml,application/xml;q=0.9,image/avif,image/webp,image/apng,*/*;q=0.8,application/signed-exchange;v=b3;q=0.7
Sec-Fetch-Site: none
Sec-Fetch-Mode: navigate
Sec-Fetch-User: ?1
Sec-Fetch-Dest: document
Accept-Encoding: gzip, deflate, br
Accept-Language: zh-CN,zh;q=0.9

]
2023-04-19 03:59:14.405 DEBUG 25356 --- [http-nio-8030-exec-9] o.a.c.authenticator.AuthenticatorBase    : Security checking request GET /source
2023-04-19 03:59:15.125 DEBUG 25356 --- [http-nio-8030-exec-9] org.apache.catalina.realm.RealmBase      :   No applicable constraints defined
2023-04-19 03:59:15.936 DEBUG 25356 --- [http-nio-8030-exec-9] o.a.c.authenticator.AuthenticatorBase    : Not subject to any constraint
2023-04-19 03:59:17.669 DEBUG 25356 --- [http-nio-8030-exec-9] org.apache.tomcat.util.http.Parameters   : Set encoding to UTF-8
2023-04-19 03:59:18.573 DEBUG 25356 --- [http-nio-8030-exec-9] o.s.web.servlet.DispatcherServlet        : GET "/source", parameters={}
2023-04-19 03:59:19.484 DEBUG 25356 --- [http-nio-8030-exec-9] s.w.s.m.m.a.RequestMappingHandlerMapping : Mapped to com.lp.test.controller.SourceController#doSource()
