2023-04-18 21:00:29.415 DEBUG 16208 --- [Catalina-utility-2] org.apache.catalina.session.ManagerBase  : Start expire sessions StandardManager at 1681822829415 sessioncount 0
2023-04-18 21:00:29.422 DEBUG 16208 --- [Catalina-utility-2] org.apache.catalina.session.ManagerBase  : End expire sessions StandardManager processingTime 7 expired sessions: 0
2023-04-18 21:01:29.475 DEBUG 16208 --- [Catalina-utility-2] org.apache.catalina.session.ManagerBase  : Start expire sessions StandardManager at 1681822889475 sessioncount 0
2023-04-18 21:01:29.475 DEBUG 16208 --- [Catalina-utility-2] org.apache.catalina.session.ManagerBase  : End expire sessions StandardManager processingTime 0 expired sessions: 0
2023-04-18 21:02:29.534 DEBUG 16208 --- [Catalina-utility-2] org.apache.catalina.session.ManagerBase  : Start expire sessions StandardManager at 1681822949534 sessioncount 0
2023-04-18 21:02:29.534 DEBUG 16208 --- [Catalina-utility-2] org.apache.catalina.session.ManagerBase  : End expire sessions StandardManager processingTime 0 expired sessions: 0
2023-04-18 21:03:29.584 DEBUG 16208 --- [Catalina-utility-2] org.apache.catalina.session.ManagerBase  : Start expire sessions StandardManager at 1681823009584 sessioncount 0
2023-04-18 21:03:29.584 DEBUG 16208 --- [Catalina-utility-2] org.apache.catalina.session.ManagerBase  : End expire sessions StandardManager processingTime 0 expired sessions: 0
2023-04-18 21:04:29.614 DEBUG 16208 --- [Catalina-utility-1] org.apache.catalina.session.ManagerBase  : Start expire sessions StandardManager at 1681823069614 sessioncount 0
2023-04-18 21:04:29.615 DEBUG 16208 --- [Catalina-utility-1] org.apache.catalina.session.ManagerBase  : End expire sessions StandardManager processingTime 1 expired sessions: 0
2023-04-18 21:05:29.650 DEBUG 16208 --- [Catalina-utility-2] org.apache.catalina.session.ManagerBase  : Start expire sessions StandardManager at 1681823129650 sessioncount 0
2023-04-18 21:05:29.650 DEBUG 16208 --- [Catalina-utility-2] org.apache.catalina.session.ManagerBase  : End expire sessions StandardManager processingTime 0 expired sessions: 0
2023-04-18 21:06:29.685 DEBUG 16208 --- [Catalina-utility-2] org.apache.catalina.session.ManagerBase  : Start expire sessions StandardManager at 1681823189685 sessioncount 0
2023-04-18 21:06:29.685 DEBUG 16208 --- [Catalina-utility-2] org.apache.catalina.session.ManagerBase  : End expire sessions StandardManager processingTime 0 expired sessions: 0
2023-04-18 21:06:36.729 DEBUG 16208 --- [http-nio-8030-Acceptor] o.apache.tomcat.util.threads.LimitLatch  : Counting up[http-nio-8030-Acceptor] latch=1
2023-04-18 21:06:36.735 DEBUG 16208 --- [http-nio-8030-Acceptor] o.apache.tomcat.util.threads.LimitLatch  : Counting up[http-nio-8030-Acceptor] latch=2
2023-04-18 21:06:36.738 DEBUG 16208 --- [http-nio-8030-exec-4] o.a.coyote.http11.Http11InputBuffer      : Before fill(): parsingHeader: [true], parsingRequestLine: [true], parsingRequestLinePhase: [0], parsingRequestLineStart: [0], byteBuffer.position(): [0], byteBuffer.limit(): [0], end: [689]
2023-04-18 21:06:36.740 DEBUG 16208 --- [http-nio-8030-exec-4] o.a.tomcat.util.net.SocketWrapperBase    : Socket: [org.apache.tomcat.util.net.NioEndpoint$NioSocketWrapper@55d0a5f0:org.apache.tomcat.util.net.NioChannel@4fd01c70:java.nio.channels.SocketChannel[connected local=/0:0:0:0:0:0:0:1:8030 remote=/0:0:0:0:0:0:0:1:59577]], Read from buffer: [0]
2023-04-18 21:06:36.740 DEBUG 16208 --- [http-nio-8030-exec-4] org.apache.tomcat.util.net.NioEndpoint   : Socket: [org.apache.tomcat.util.net.NioEndpoint$NioSocketWrapper@55d0a5f0:org.apache.tomcat.util.net.NioChannel@4fd01c70:java.nio.channels.SocketChannel[connected local=/0:0:0:0:0:0:0:1:8030 remote=/0:0:0:0:0:0:0:1:59577]], Read direct from socket: [689]
2023-04-18 21:06:36.741 DEBUG 16208 --- [http-nio-8030-exec-4] o.a.coyote.http11.Http11InputBuffer      : Received [GET /source HTTP/1.1
Host: localhost:8030
Connection: keep-alive
Cache-Control: max-age=0
sec-ch-ua: "Google Chrome";v="111", "Not(A:Brand";v="8", "Chromium";v="111"
sec-ch-ua-mobile: ?0
sec-ch-ua-platform: "Windows"
Upgrade-Insecure-Requests: 1
User-Agent: Mozilla/5.0 (Windows NT 10.0; Win64; x64) AppleWebKit/537.36 (KHTML, like Gecko) Chrome/111.0.0.0 Safari/537.36
Accept: text/html,application/xhtml+xml,application/xml;q=0.9,image/avif,image/webp,image/apng,*/*;q=0.8,application/signed-exchange;v=b3;q=0.7
Sec-Fetch-Site: none
Sec-Fetch-Mode: navigate
Sec-Fetch-User: ?1
Sec-Fetch-Dest: document
Accept-Encoding: gzip, deflate, br
Accept-Language: zh-CN,zh;q=0.9

]
2023-04-18 21:06:36.746 DEBUG 16208 --- [http-nio-8030-exec-4] o.a.c.authenticator.AuthenticatorBase    : Security checking request GET /source
2023-04-18 21:06:36.747 DEBUG 16208 --- [http-nio-8030-exec-4] org.apache.catalina.realm.RealmBase      :   No applicable constraints defined
2023-04-18 21:06:36.747 DEBUG 16208 --- [http-nio-8030-exec-4] o.a.c.authenticator.AuthenticatorBase    : Not subject to any constraint
2023-04-18 21:06:36.755 DEBUG 16208 --- [http-nio-8030-exec-4] org.apache.tomcat.util.http.Parameters   : Set encoding to UTF-8
2023-04-18 21:06:36.755 DEBUG 16208 --- [http-nio-8030-exec-4] o.s.web.servlet.DispatcherServlet        : GET "/source", parameters={}
2023-04-18 21:06:36.761 DEBUG 16208 --- [http-nio-8030-exec-4] s.w.s.m.m.a.RequestMappingHandlerMapping : Mapped to com.lp.test.controller.SourceController#doSource()
2023-04-18 21:06:36.764 DEBUG 16208 --- [http-nio-8030-exec-4] com.lp.test.util.LogUtils                : name: 小强
2023-04-18 21:06:36.774 DEBUG 16208 --- [http-nio-8030-exec-4] m.m.a.RequestResponseBodyMethodProcessor : Using 'text/html', given [text/html, application/xhtml+xml, image/avif, image/webp, image/apng, application/xml;q=0.9, application/signed-exchange;v=b3;q=0.7, */*;q=0.8] and supported [text/plain, */*, text/plain, */*, application/json, application/*+json, application/json, application/*+json]
2023-04-18 21:06:36.774 DEBUG 16208 --- [http-nio-8030-exec-4] m.m.a.RequestResponseBodyMethodProcessor : Writing ["source"]
2023-04-18 21:06:36.777 DEBUG 16208 --- [http-nio-8030-exec-4] o.s.web.servlet.DispatcherServlet        : Completed 200 OK
2023-04-18 21:06:36.779 DEBUG 16208 --- [http-nio-8030-exec-4] o.a.coyote.http11.Http11InputBuffer      : Before fill(): parsingHeader: [true], parsingRequestLine: [true], parsingRequestLinePhase: [0], parsingRequestLineStart: [0], byteBuffer.position(): [0], byteBuffer.limit(): [0], end: [689]
2023-04-18 21:06:36.779 DEBUG 16208 --- [http-nio-8030-exec-4] o.a.tomcat.util.net.SocketWrapperBase    : Socket: [org.apache.tomcat.util.net.NioEndpoint$NioSocketWrapper@55d0a5f0:org.apache.tomcat.util.net.NioChannel@4fd01c70:java.nio.channels.SocketChannel[connected local=/0:0:0:0:0:0:0:1:8030 remote=/0:0:0:0:0:0:0:1:59577]], Read from buffer: [0]
2023-04-18 21:06:36.779 DEBUG 16208 --- [http-nio-8030-exec-4] org.apache.tomcat.util.net.NioEndpoint   : Socket: [org.apache.tomcat.util.net.NioEndpoint$NioSocketWrapper@55d0a5f0:org.apache.tomcat.util.net.NioChannel@4fd01c70:java.nio.channels.SocketChannel[connected local=/0:0:0:0:0:0:0:1:8030 remote=/0:0:0:0:0:0:0:1:59577]], Read direct from socket: [0]
2023-04-18 21:06:36.779 DEBUG 16208 --- [http-nio-8030-exec-4] o.a.coyote.http11.Http11InputBuffer      : Received []
2023-04-18 21:06:36.780 DEBUG 16208 --- [http-nio-8030-exec-4] o.apache.coyote.http11.Http11Processor   : Socket: [org.apache.tomcat.util.net.NioEndpoint$NioSocketWrapper@55d0a5f0:org.apache.tomcat.util.net.NioChannel@4fd01c70:java.nio.channels.SocketChannel[connected local=/0:0:0:0:0:0:0:1:8030 remote=/0:0:0:0:0:0:0:1:59577]], Status in: [OPEN_READ], State out: [OPEN]
2023-04-18 21:06:36.781 DEBUG 16208 --- [http-nio-8030-exec-4] org.apache.tomcat.util.net.NioEndpoint   : Registered read interest for [org.apache.tomcat.util.net.NioEndpoint$NioSocketWrapper@55d0a5f0:org.apache.tomcat.util.net.NioChannel@4fd01c70:java.nio.channels.SocketChannel[connected local=/0:0:0:0:0:0:0:1:8030 remote=/0:0:0:0:0:0:0:1:59577]]
2023-04-18 21:07:29.708 DEBUG 16208 --- [Catalina-utility-1] org.apache.catalina.session.ManagerBase  : Start expire sessions StandardManager at 1681823249708 sessioncount 0
2023-04-18 21:07:29.708 DEBUG 16208 --- [Catalina-utility-1] org.apache.catalina.session.ManagerBase  : End expire sessions StandardManager processingTime 0 expired sessions: 0
2023-04-18 21:07:37.275 DEBUG 16208 --- [http-nio-8030-exec-6] o.apache.tomcat.util.threads.LimitLatch  : Counting down[http-nio-8030-exec-6] latch=1
2023-04-18 21:07:37.275 DEBUG 16208 --- [http-nio-8030-exec-5] o.apache.tomcat.util.threads.LimitLatch  : Counting down[http-nio-8030-exec-5] latch=2
2023-04-18 21:07:37.276 DEBUG 16208 --- [http-nio-8030-exec-5] org.apache.tomcat.util.net.NioEndpoint   : Calling [org.apache.tomcat.util.net.NioEndpoint@45287700].closeSocket([org.apache.tomcat.util.net.NioEndpoint$NioSocketWrapper@55d0a5f0:org.apache.tomcat.util.net.NioChannel@4fd01c70:java.nio.channels.SocketChannel[connected local=/0:0:0:0:0:0:0:1:8030 remote=/0:0:0:0:0:0:0:1:59577]])
2023-04-18 21:07:37.276 DEBUG 16208 --- [http-nio-8030-exec-6] org.apache.tomcat.util.net.NioEndpoint   : Calling [org.apache.tomcat.util.net.NioEndpoint@45287700].closeSocket([org.apache.tomcat.util.net.NioEndpoint$NioSocketWrapper@67f313fb:org.apache.tomcat.util.net.NioChannel@4b38327:java.nio.channels.SocketChannel[connected local=/0:0:0:0:0:0:0:1:8030 remote=/0:0:0:0:0:0:0:1:59578]])
2023-04-18 21:08:29.767 DEBUG 16208 --- [Catalina-utility-1] org.apache.catalina.session.ManagerBase  : Start expire sessions StandardManager at 1681823309767 sessioncount 0
2023-04-18 21:08:29.767 DEBUG 16208 --- [Catalina-utility-1] org.apache.catalina.session.ManagerBase  : End expire sessions StandardManager processingTime 0 expired sessions: 0
2023-04-18 21:09:29.805 DEBUG 16208 --- [Catalina-utility-1] org.apache.catalina.session.ManagerBase  : Start expire sessions StandardManager at 1681823369805 sessioncount 0
2023-04-18 21:09:29.805 DEBUG 16208 --- [Catalina-utility-1] org.apache.catalina.session.ManagerBase  : End expire sessions StandardManager processingTime 0 expired sessions: 0
2023-04-18 21:10:29.845 DEBUG 16208 --- [Catalina-utility-1] org.apache.catalina.session.ManagerBase  : Start expire sessions StandardManager at 1681823429845 sessioncount 0
2023-04-18 21:10:29.845 DEBUG 16208 --- [Catalina-utility-1] org.apache.catalina.session.ManagerBase  : End expire sessions StandardManager processingTime 0 expired sessions: 0
2023-04-18 21:11:29.910 DEBUG 16208 --- [Catalina-utility-1] org.apache.catalina.session.ManagerBase  : Start expire sessions StandardManager at 1681823489910 sessioncount 0
2023-04-18 21:11:29.910 DEBUG 16208 --- [Catalina-utility-1] org.apache.catalina.session.ManagerBase  : End expire sessions StandardManager processingTime 0 expired sessions: 0
2023-04-18 21:12:29.958 DEBUG 16208 --- [Catalina-utility-2] org.apache.catalina.session.ManagerBase  : Start expire sessions StandardManager at 1681823549958 sessioncount 0
2023-04-18 21:12:29.958 DEBUG 16208 --- [Catalina-utility-2] org.apache.catalina.session.ManagerBase  : End expire sessions StandardManager processingTime 0 expired sessions: 0
2023-04-18 21:13:29.981 DEBUG 16208 --- [Catalina-utility-1] org.apache.catalina.session.ManagerBase  : Start expire sessions StandardManager at 1681823609981 sessioncount 0
2023-04-18 21:13:29.981 DEBUG 16208 --- [Catalina-utility-1] org.apache.catalina.session.ManagerBase  : End expire sessions StandardManager processingTime 0 expired sessions: 0
2023-04-18 21:14:30.023 DEBUG 16208 --- [Catalina-utility-2] org.apache.catalina.session.ManagerBase  : Start expire sessions StandardManager at 1681823670023 sessioncount 0
2023-04-18 21:14:30.023 DEBUG 16208 --- [Catalina-utility-2] org.apache.catalina.session.ManagerBase  : End expire sessions StandardManager processingTime 0 expired sessions: 0
2023-04-18 21:15:30.067 DEBUG 16208 --- [Catalina-utility-2] org.apache.catalina.session.ManagerBase  : Start expire sessions StandardManager at 1681823730067 sessioncount 0
2023-04-18 21:15:30.067 DEBUG 16208 --- [Catalina-utility-2] org.apache.catalina.session.ManagerBase  : End expire sessions StandardManager processingTime 0 expired sessions: 0
2023-04-18 21:16:30.121 DEBUG 16208 --- [Catalina-utility-1] org.apache.catalina.session.ManagerBase  : Start expire sessions StandardManager at 1681823790121 sessioncount 0
2023-04-18 21:16:30.121 DEBUG 16208 --- [Catalina-utility-1] org.apache.catalina.session.ManagerBase  : End expire sessions StandardManager processingTime 0 expired sessions: 0
2023-04-18 21:17:30.162 DEBUG 16208 --- [Catalina-utility-1] org.apache.catalina.session.ManagerBase  : Start expire sessions StandardManager at 1681823850162 sessioncount 0
2023-04-18 21:17:30.162 DEBUG 16208 --- [Catalina-utility-1] org.apache.catalina.session.ManagerBase  : End expire sessions StandardManager processingTime 0 expired sessions: 0
2023-04-18 21:18:30.206 DEBUG 16208 --- [Catalina-utility-1] org.apache.catalina.session.ManagerBase  : Start expire sessions StandardManager at 1681823910206 sessioncount 0
2023-04-18 21:18:30.206 DEBUG 16208 --- [Catalina-utility-1] org.apache.catalina.session.ManagerBase  : End expire sessions StandardManager processingTime 0 expired sessions: 0
2023-04-18 21:19:30.250 DEBUG 16208 --- [Catalina-utility-2] org.apache.catalina.session.ManagerBase  : Start expire sessions StandardManager at 1681823970250 sessioncount 0
2023-04-18 21:19:30.250 DEBUG 16208 --- [Catalina-utility-2] org.apache.catalina.session.ManagerBase  : End expire sessions StandardManager processingTime 0 expired sessions: 0
2023-04-18 21:20:30.298 DEBUG 16208 --- [Catalina-utility-1] org.apache.catalina.session.ManagerBase  : Start expire sessions StandardManager at 1681824030298 sessioncount 0
2023-04-18 21:20:30.298 DEBUG 16208 --- [Catalina-utility-1] org.apache.catalina.session.ManagerBase  : End expire sessions StandardManager processingTime 0 expired sessions: 0
2023-04-18 21:21:30.332 DEBUG 16208 --- [Catalina-utility-1] org.apache.catalina.session.ManagerBase  : Start expire sessions StandardManager at 1681824090332 sessioncount 0
2023-04-18 21:21:30.332 DEBUG 16208 --- [Catalina-utility-1] org.apache.catalina.session.ManagerBase  : End expire sessions StandardManager processingTime 0 expired sessions: 0
2023-04-18 21:22:30.366 DEBUG 16208 --- [Catalina-utility-1] org.apache.catalina.session.ManagerBase  : Start expire sessions StandardManager at 1681824150366 sessioncount 0
2023-04-18 21:22:30.366 DEBUG 16208 --- [Catalina-utility-1] org.apache.catalina.session.ManagerBase  : End expire sessions StandardManager processingTime 0 expired sessions: 0
2023-04-18 21:23:30.427 DEBUG 16208 --- [Catalina-utility-2] org.apache.catalina.session.ManagerBase  : Start expire sessions StandardManager at 1681824210427 sessioncount 0
2023-04-18 21:23:30.427 DEBUG 16208 --- [Catalina-utility-2] org.apache.catalina.session.ManagerBase  : End expire sessions StandardManager processingTime 0 expired sessions: 0
2023-04-18 21:24:30.474 DEBUG 16208 --- [Catalina-utility-1] org.apache.catalina.session.ManagerBase  : Start expire sessions StandardManager at 1681824270474 sessioncount 0
2023-04-18 21:24:30.474 DEBUG 16208 --- [Catalina-utility-1] org.apache.catalina.session.ManagerBase  : End expire sessions StandardManager processingTime 0 expired sessions: 0
2023-04-18 21:25:30.510 DEBUG 16208 --- [Catalina-utility-2] org.apache.catalina.session.ManagerBase  : Start expire sessions StandardManager at 1681824330510 sessioncount 0
2023-04-18 21:25:30.510 DEBUG 16208 --- [Catalina-utility-2] org.apache.catalina.session.ManagerBase  : End expire sessions StandardManager processingTime 0 expired sessions: 0
2023-04-18 21:26:30.560 DEBUG 16208 --- [Catalina-utility-2] org.apache.catalina.session.ManagerBase  : Start expire sessions StandardManager at 1681824390560 sessioncount 0
2023-04-18 21:26:30.560 DEBUG 16208 --- [Catalina-utility-2] org.apache.catalina.session.ManagerBase  : End expire sessions StandardManager processingTime 0 expired sessions: 0
2023-04-18 21:27:30.599 DEBUG 16208 --- [Catalina-utility-2] org.apache.catalina.session.ManagerBase  : Start expire sessions StandardManager at 1681824450599 sessioncount 0
2023-04-18 21:27:30.599 DEBUG 16208 --- [Catalina-utility-2] org.apache.catalina.session.ManagerBase  : End expire sessions StandardManager processingTime 0 expired sessions: 0
2023-04-18 21:28:30.651 DEBUG 16208 --- [Catalina-utility-2] org.apache.catalina.session.ManagerBase  : Start expire sessions StandardManager at 1681824510651 sessioncount 0
2023-04-18 21:28:30.651 DEBUG 16208 --- [Catalina-utility-2] org.apache.catalina.session.ManagerBase  : End expire sessions StandardManager processingTime 0 expired sessions: 0
2023-04-18 21:29:30.701 DEBUG 16208 --- [Catalina-utility-2] org.apache.catalina.session.ManagerBase  : Start expire sessions StandardManager at 1681824570701 sessioncount 0
2023-04-18 21:29:30.701 DEBUG 16208 --- [Catalina-utility-2] org.apache.catalina.session.ManagerBase  : End expire sessions StandardManager processingTime 0 expired sessions: 0
2023-04-18 21:30:30.753 DEBUG 16208 --- [Catalina-utility-1] org.apache.catalina.session.ManagerBase  : Start expire sessions StandardManager at 1681824630753 sessioncount 0
2023-04-18 21:30:30.753 DEBUG 16208 --- [Catalina-utility-1] org.apache.catalina.session.ManagerBase  : End expire sessions StandardManager processingTime 0 expired sessions: 0
2023-04-18 21:31:30.800 DEBUG 16208 --- [Catalina-utility-2] org.apache.catalina.session.ManagerBase  : Start expire sessions StandardManager at 1681824690800 sessioncount 0
2023-04-18 21:31:30.800 DEBUG 16208 --- [Catalina-utility-2] org.apache.catalina.session.ManagerBase  : End expire sessions StandardManager processingTime 0 expired sessions: 0
2023-04-18 21:32:30.855 DEBUG 16208 --- [Catalina-utility-2] org.apache.catalina.session.ManagerBase  : Start expire sessions StandardManager at 1681824750855 sessioncount 0
2023-04-18 21:32:30.855 DEBUG 16208 --- [Catalina-utility-2] org.apache.catalina.session.ManagerBase  : End expire sessions StandardManager processingTime 0 expired sessions: 0
2023-04-18 21:33:30.912 DEBUG 16208 --- [Catalina-utility-2] org.apache.catalina.session.ManagerBase  : Start expire sessions StandardManager at 1681824810912 sessioncount 0
2023-04-18 21:33:30.912 DEBUG 16208 --- [Catalina-utility-2] org.apache.catalina.session.ManagerBase  : End expire sessions StandardManager processingTime 0 expired sessions: 0
2023-04-18 21:34:30.958 DEBUG 16208 --- [Catalina-utility-1] org.apache.catalina.session.ManagerBase  : Start expire sessions StandardManager at 1681824870958 sessioncount 0
2023-04-18 21:34:30.958 DEBUG 16208 --- [Catalina-utility-1] org.apache.catalina.session.ManagerBase  : End expire sessions StandardManager processingTime 0 expired sessions: 0
2023-04-18 21:35:31.000 DEBUG 16208 --- [Catalina-utility-2] org.apache.catalina.session.ManagerBase  : Start expire sessions StandardManager at 1681824931000 sessioncount 0
2023-04-18 21:35:31.000 DEBUG 16208 --- [Catalina-utility-2] org.apache.catalina.session.ManagerBase  : End expire sessions StandardManager processingTime 0 expired sessions: 0
2023-04-18 21:36:31.040 DEBUG 16208 --- [Catalina-utility-2] org.apache.catalina.session.ManagerBase  : Start expire sessions StandardManager at 1681824991040 sessioncount 0
2023-04-18 21:36:31.040 DEBUG 16208 --- [Catalina-utility-2] org.apache.catalina.session.ManagerBase  : End expire sessions StandardManager processingTime 0 expired sessions: 0
2023-04-18 21:37:31.079 DEBUG 16208 --- [Catalina-utility-1] org.apache.catalina.session.ManagerBase  : Start expire sessions StandardManager at 1681825051079 sessioncount 0
2023-04-18 21:37:31.079 DEBUG 16208 --- [Catalina-utility-1] org.apache.catalina.session.ManagerBase  : End expire sessions StandardManager processingTime 0 expired sessions: 0
2023-04-18 21:38:31.126 DEBUG 16208 --- [Catalina-utility-2] org.apache.catalina.session.ManagerBase  : Start expire sessions StandardManager at 1681825111126 sessioncount 0
2023-04-18 21:38:31.126 DEBUG 16208 --- [Catalina-utility-2] org.apache.catalina.session.ManagerBase  : End expire sessions StandardManager processingTime 0 expired sessions: 0
2023-04-18 21:39:31.194 DEBUG 16208 --- [Catalina-utility-1] org.apache.catalina.session.ManagerBase  : Start expire sessions StandardManager at 1681825171194 sessioncount 0
2023-04-18 21:39:31.194 DEBUG 16208 --- [Catalina-utility-1] org.apache.catalina.session.ManagerBase  : End expire sessions StandardManager processingTime 0 expired sessions: 0
2023-04-18 21:40:31.243 DEBUG 16208 --- [Catalina-utility-2] org.apache.catalina.session.ManagerBase  : Start expire sessions StandardManager at 1681825231243 sessioncount 0
2023-04-18 21:40:31.243 DEBUG 16208 --- [Catalina-utility-2] org.apache.catalina.session.ManagerBase  : End expire sessions StandardManager processingTime 0 expired sessions: 0
2023-04-18 21:41:31.286 DEBUG 16208 --- [Catalina-utility-1] org.apache.catalina.session.ManagerBase  : Start expire sessions StandardManager at 1681825291286 sessioncount 0
2023-04-18 21:41:31.286 DEBUG 16208 --- [Catalina-utility-1] org.apache.catalina.session.ManagerBase  : End expire sessions StandardManager processingTime 0 expired sessions: 0
2023-04-18 21:42:31.350 DEBUG 16208 --- [Catalina-utility-2] org.apache.catalina.session.ManagerBase  : Start expire sessions StandardManager at 1681825351350 sessioncount 0
2023-04-18 21:42:31.350 DEBUG 16208 --- [Catalina-utility-2] org.apache.catalina.session.ManagerBase  : End expire sessions StandardManager processingTime 0 expired sessions: 0
2023-04-18 21:43:31.384 DEBUG 16208 --- [Catalina-utility-2] org.apache.catalina.session.ManagerBase  : Start expire sessions StandardManager at 1681825411384 sessioncount 0
2023-04-18 21:43:31.384 DEBUG 16208 --- [Catalina-utility-2] org.apache.catalina.session.ManagerBase  : End expire sessions StandardManager processingTime 0 expired sessions: 0
2023-04-18 21:44:31.438 DEBUG 16208 --- [Catalina-utility-1] org.apache.catalina.session.ManagerBase  : Start expire sessions StandardManager at 1681825471438 sessioncount 0
2023-04-18 21:44:31.438 DEBUG 16208 --- [Catalina-utility-1] org.apache.catalina.session.ManagerBase  : End expire sessions StandardManager processingTime 0 expired sessions: 0
2023-04-18 21:45:31.493 DEBUG 16208 --- [Catalina-utility-2] org.apache.catalina.session.ManagerBase  : Start expire sessions StandardManager at 1681825531493 sessioncount 0
2023-04-18 21:45:31.493 DEBUG 16208 --- [Catalina-utility-2] org.apache.catalina.session.ManagerBase  : End expire sessions StandardManager processingTime 0 expired sessions: 0
2023-04-18 21:46:31.529 DEBUG 16208 --- [Catalina-utility-1] org.apache.catalina.session.ManagerBase  : Start expire sessions StandardManager at 1681825591529 sessioncount 0
2023-04-18 21:46:31.529 DEBUG 16208 --- [Catalina-utility-1] org.apache.catalina.session.ManagerBase  : End expire sessions StandardManager processingTime 0 expired sessions: 0
2023-04-18 21:47:31.586 DEBUG 16208 --- [Catalina-utility-1] org.apache.catalina.session.ManagerBase  : Start expire sessions StandardManager at 1681825651586 sessioncount 0
2023-04-18 21:47:31.586 DEBUG 16208 --- [Catalina-utility-1] org.apache.catalina.session.ManagerBase  : End expire sessions StandardManager processingTime 0 expired sessions: 0
2023-04-18 21:48:31.641 DEBUG 16208 --- [Catalina-utility-1] org.apache.catalina.session.ManagerBase  : Start expire sessions StandardManager at 1681825711641 sessioncount 0
2023-04-18 21:48:31.641 DEBUG 16208 --- [Catalina-utility-1] org.apache.catalina.session.ManagerBase  : End expire sessions StandardManager processingTime 0 expired sessions: 0
2023-04-18 21:49:31.691 DEBUG 16208 --- [Catalina-utility-2] org.apache.catalina.session.ManagerBase  : Start expire sessions StandardManager at 1681825771691 sessioncount 0
2023-04-18 21:49:31.691 DEBUG 16208 --- [Catalina-utility-2] org.apache.catalina.session.ManagerBase  : End expire sessions StandardManager processingTime 0 expired sessions: 0
2023-04-18 21:50:31.733 DEBUG 16208 --- [Catalina-utility-1] org.apache.catalina.session.ManagerBase  : Start expire sessions StandardManager at 1681825831733 sessioncount 0
2023-04-18 21:50:31.733 DEBUG 16208 --- [Catalina-utility-1] org.apache.catalina.session.ManagerBase  : End expire sessions StandardManager processingTime 0 expired sessions: 0
2023-04-18 21:51:31.757 DEBUG 16208 --- [Catalina-utility-2] org.apache.catalina.session.ManagerBase  : Start expire sessions StandardManager at 1681825891757 sessioncount 0
2023-04-18 21:51:31.757 DEBUG 16208 --- [Catalina-utility-2] org.apache.catalina.session.ManagerBase  : End expire sessions StandardManager processingTime 0 expired sessions: 0
2023-04-18 21:52:31.801 DEBUG 16208 --- [Catalina-utility-1] org.apache.catalina.session.ManagerBase  : Start expire sessions StandardManager at 1681825951801 sessioncount 0
2023-04-18 21:52:31.801 DEBUG 16208 --- [Catalina-utility-1] org.apache.catalina.session.ManagerBase  : End expire sessions StandardManager processingTime 0 expired sessions: 0
2023-04-18 21:53:31.860 DEBUG 16208 --- [Catalina-utility-1] org.apache.catalina.session.ManagerBase  : Start expire sessions StandardManager at 1681826011860 sessioncount 0
2023-04-18 21:53:31.860 DEBUG 16208 --- [Catalina-utility-1] org.apache.catalina.session.ManagerBase  : End expire sessions StandardManager processingTime 0 expired sessions: 0
2023-04-18 21:54:31.912 DEBUG 16208 --- [Catalina-utility-2] org.apache.catalina.session.ManagerBase  : Start expire sessions StandardManager at 1681826071912 sessioncount 0
2023-04-18 21:54:31.912 DEBUG 16208 --- [Catalina-utility-2] org.apache.catalina.session.ManagerBase  : End expire sessions StandardManager processingTime 0 expired sessions: 0
2023-04-18 21:55:31.950 DEBUG 16208 --- [Catalina-utility-1] org.apache.catalina.session.ManagerBase  : Start expire sessions StandardManager at 1681826131950 sessioncount 0
2023-04-18 21:55:31.950 DEBUG 16208 --- [Catalina-utility-1] org.apache.catalina.session.ManagerBase  : End expire sessions StandardManager processingTime 0 expired sessions: 0
2023-04-18 21:56:32.014 DEBUG 16208 --- [Catalina-utility-2] org.apache.catalina.session.ManagerBase  : Start expire sessions StandardManager at 1681826192014 sessioncount 0
2023-04-18 21:56:32.014 DEBUG 16208 --- [Catalina-utility-2] org.apache.catalina.session.ManagerBase  : End expire sessions StandardManager processingTime 0 expired sessions: 0
2023-04-18 21:57:32.054 DEBUG 16208 --- [Catalina-utility-2] org.apache.catalina.session.ManagerBase  : Start expire sessions StandardManager at 1681826252054 sessioncount 0
2023-04-18 21:57:32.054 DEBUG 16208 --- [Catalina-utility-2] org.apache.catalina.session.ManagerBase  : End expire sessions StandardManager processingTime 0 expired sessions: 0
2023-04-18 21:58:32.106 DEBUG 16208 --- [Catalina-utility-1] org.apache.catalina.session.ManagerBase  : Start expire sessions StandardManager at 1681826312106 sessioncount 0
2023-04-18 21:58:32.106 DEBUG 16208 --- [Catalina-utility-1] org.apache.catalina.session.ManagerBase  : End expire sessions StandardManager processingTime 0 expired sessions: 0
2023-04-18 21:59:32.166 DEBUG 16208 --- [Catalina-utility-1] org.apache.catalina.session.ManagerBase  : Start expire sessions StandardManager at 1681826372166 sessioncount 0
2023-04-18 21:59:32.166 DEBUG 16208 --- [Catalina-utility-1] org.apache.catalina.session.ManagerBase  : End expire sessions StandardManager processingTime 0 expired sessions: 0
